{"level":"info","message":"server running on port : 3000","timestamp":"2023-11-29T02:06:44.921Z"}
{"level":"info","message":"server running on port : 3000","timestamp":"2023-11-29T02:06:58.736Z"}
{"level":"info","message":{"_id":"65669cd873b3838cf1c5c803","comments":["Sample comment 1","Sample comment 2"],"key":"GCMUDiuY5a7WvyUNt9n3QztToSHzK7Uj","permissions":["GENERAL"],"status":true,"version":1},"timestamp":"2023-11-29T02:10:22.553Z"}
{"level":"error","message":"500 - Cannot read properties of undefined (reading 'email') - /auth/signup - POST - ::1","timestamp":"2023-11-29T02:10:22.557Z"}
{"level":"error","timestamp":"2023-11-29T02:10:22.558Z"}
{"level":"info","message":{"_id":"65669cd873b3838cf1c5c803","comments":["Sample comment 1","Sample comment 2"],"key":"GCMUDiuY5a7WvyUNt9n3QztToSHzK7Uj","permissions":["GENERAL"],"status":true,"version":1},"timestamp":"2023-11-29T03:25:20.992Z"}
{"level":"error","message":"500 - Cannot read properties of undefined (reading 'email') - /auth/signup - POST - ::1","timestamp":"2023-11-29T03:25:20.995Z"}
{"level":"error","timestamp":"2023-11-29T03:25:20.996Z"}
{"level":"info","message":{"_id":"65669cd873b3838cf1c5c803","comments":["Sample comment 1","Sample comment 2"],"key":"GCMUDiuY5a7WvyUNt9n3QztToSHzK7Uj","permissions":["GENERAL"],"status":true,"version":1},"timestamp":"2023-11-29T03:26:54.843Z"}
{"level":"error","message":"500 - Cannot read properties of undefined (reading 'email') - /auth/signup - POST - ::1","timestamp":"2023-11-29T03:26:54.844Z"}
{"level":"error","timestamp":"2023-11-29T03:26:54.845Z"}
{"level":"info","message":{"_id":"65669cd873b3838cf1c5c803","comments":["Sample comment 1","Sample comment 2"],"key":"GCMUDiuY5a7WvyUNt9n3QztToSHzK7Uj","permissions":["GENERAL"],"status":true,"version":1},"timestamp":"2023-11-29T03:27:24.550Z"}
{"level":"error","message":"500 - Cannot read properties of undefined (reading 'email') - /auth/signup - POST - ::1","timestamp":"2023-11-29T03:27:24.552Z"}
{"level":"error","timestamp":"2023-11-29T03:27:24.553Z"}
{"level":"info","message":"server running on port : 3000","timestamp":"2023-11-29T03:28:24.252Z"}
{"level":"info","message":{"_id":"65669cd873b3838cf1c5c803","comments":["Sample comment 1","Sample comment 2"],"key":"GCMUDiuY5a7WvyUNt9n3QztToSHzK7Uj","permissions":["GENERAL"],"status":true,"version":1},"timestamp":"2023-11-29T03:28:25.400Z"}
{"level":"error","message":"500 - Cannot read properties of undefined (reading 'email') - /auth/signup - POST - ::1","timestamp":"2023-11-29T03:28:25.405Z"}
{"level":"error","timestamp":"2023-11-29T03:28:25.406Z"}
{"level":"info","message":"server running on port : 3000","timestamp":"2023-11-29T03:28:44.766Z"}
{"level":"info","message":{"_id":"65669cd873b3838cf1c5c803","comments":["Sample comment 1","Sample comment 2"],"key":"GCMUDiuY5a7WvyUNt9n3QztToSHzK7Uj","permissions":["GENERAL"],"status":true,"version":1},"timestamp":"2023-11-29T03:28:45.369Z"}
{"level":"error","message":"500 - Cannot read properties of undefined (reading 'email') - /auth/signup - POST - ::1","timestamp":"2023-11-29T03:28:45.378Z"}
{"level":"error","timestamp":"2023-11-29T03:28:45.379Z"}
{"level":"info","message":{"_id":"65669cd873b3838cf1c5c803","comments":["Sample comment 1","Sample comment 2"],"key":"GCMUDiuY5a7WvyUNt9n3QztToSHzK7Uj","permissions":["GENERAL"],"status":true,"version":1},"timestamp":"2023-11-29T03:32:00.033Z"}
{"level":"error","message":"500 - Cannot read properties of undefined (reading 'email') - /auth/signup - POST - ::1","timestamp":"2023-11-29T03:32:00.040Z"}
{"level":"error","timestamp":"2023-11-29T03:32:00.040Z"}
{"level":"info","message":"server running on port : 3000","timestamp":"2023-11-29T03:32:50.839Z"}
{"level":"info","message":{"_id":"65669cd873b3838cf1c5c803","comments":["Sample comment 1","Sample comment 2"],"key":"GCMUDiuY5a7WvyUNt9n3QztToSHzK7Uj","permissions":["GENERAL"],"status":true,"version":1},"timestamp":"2023-11-29T03:32:55.230Z"}
{"level":"error","message":"500 - Cannot read properties of undefined (reading 'email') - /auth/signup - POST - ::1","timestamp":"2023-11-29T03:32:55.237Z"}
{"level":"error","timestamp":"2023-11-29T03:32:55.238Z"}
{"level":"info","message":"server running on port : 3000","timestamp":"2023-11-29T03:33:50.901Z"}
{"level":"info","message":"server running on port : 3000","timestamp":"2023-11-29T03:34:57.192Z"}
{"level":"info","message":"server running on port : 3000","timestamp":"2023-11-29T03:35:17.654Z"}
{"level":"info","message":{"_id":"65669cd873b3838cf1c5c803","comments":["Sample comment 1","Sample comment 2"],"key":"GCMUDiuY5a7WvyUNt9n3QztToSHzK7Uj","permissions":["GENERAL"],"status":true,"version":1},"timestamp":"2023-11-29T03:35:51.276Z"}
{"level":"error","message":"name is required","timestamp":"2023-11-29T03:35:51.279Z"}
{"level":"info","message":{"_id":"65669cd873b3838cf1c5c803","comments":["Sample comment 1","Sample comment 2"],"key":"GCMUDiuY5a7WvyUNt9n3QztToSHzK7Uj","permissions":["GENERAL"],"status":true,"version":1},"timestamp":"2023-11-29T03:36:05.465Z"}
{"level":"error","message":"500 - Role must be defined - /auth/signup - POST - ::1","timestamp":"2023-11-29T03:36:05.670Z"}
{"level":"info","message":{"_id":"65669cd873b3838cf1c5c803","comments":["Sample comment 1","Sample comment 2"],"key":"GCMUDiuY5a7WvyUNt9n3QztToSHzK7Uj","permissions":["GENERAL"],"status":true,"version":1},"timestamp":"2023-11-29T03:36:23.092Z"}
{"level":"error","message":"role is not allowed","timestamp":"2023-11-29T03:36:23.094Z"}
{"level":"info","message":{"_id":"65669cd873b3838cf1c5c803","comments":["Sample comment 1","Sample comment 2"],"key":"GCMUDiuY5a7WvyUNt9n3QztToSHzK7Uj","permissions":["GENERAL"],"status":true,"version":1},"timestamp":"2023-11-29T03:36:31.512Z"}
{"level":"error","message":"role is not allowed","timestamp":"2023-11-29T03:36:31.514Z"}
{"level":"info","message":{"_id":"65669cd873b3838cf1c5c803","comments":["Sample comment 1","Sample comment 2"],"key":"GCMUDiuY5a7WvyUNt9n3QztToSHzK7Uj","permissions":["GENERAL"],"status":true,"version":1},"timestamp":"2023-11-29T03:36:41.135Z"}
{"level":"error","message":"500 - Role must be defined - /auth/signup - POST - ::1","timestamp":"2023-11-29T03:36:41.339Z"}
{"level":"info","message":{"_id":"65669cd873b3838cf1c5c803","comments":["Sample comment 1","Sample comment 2"],"key":"GCMUDiuY5a7WvyUNt9n3QztToSHzK7Uj","permissions":["GENERAL"],"status":true,"version":1},"timestamp":"2023-11-29T03:40:35.875Z"}
{"level":"error","message":"500 - Cast to ObjectId failed for value \"LEARNER\" (type string) at path \"_id\" for model \"Role\" - /auth/signup - POST - ::1","timestamp":"2023-11-29T03:40:35.904Z"}
{"kind":"ObjectId","level":"error","path":"_id","reason":{},"stringValue":"\"LEARNER\"","timestamp":"2023-11-29T03:40:35.921Z","value":"LEARNER","valueType":"string"}
{"level":"info","message":{"_id":"65669cd873b3838cf1c5c803","comments":["Sample comment 1","Sample comment 2"],"key":"GCMUDiuY5a7WvyUNt9n3QztToSHzK7Uj","permissions":["GENERAL"],"status":true,"version":1},"timestamp":"2023-11-29T03:52:06.716Z"}
{"level":"error","message":"500 - Cast to ObjectId failed for value \"LEARNER\" (type string) at path \"_id\" for model \"Role\" - /auth/signup - POST - ::1","timestamp":"2023-11-29T03:52:06.730Z"}
{"kind":"ObjectId","level":"error","path":"_id","reason":{},"stringValue":"\"LEARNER\"","timestamp":"2023-11-29T03:52:06.730Z","value":"LEARNER","valueType":"string"}
{"level":"info","message":{"_id":"65669cd873b3838cf1c5c803","comments":["Sample comment 1","Sample comment 2"],"key":"GCMUDiuY5a7WvyUNt9n3QztToSHzK7Uj","permissions":["GENERAL"],"status":true,"version":1},"timestamp":"2023-11-29T03:54:51.199Z"}
{"level":"error","message":"500 - Cast to ObjectId failed for value \"LEARNER\" (type string) at path \"_id\" for model \"Role\" - /auth/signup - POST - ::1","timestamp":"2023-11-29T03:54:51.211Z"}
{"kind":"ObjectId","level":"error","path":"_id","reason":{},"stringValue":"\"LEARNER\"","timestamp":"2023-11-29T03:54:51.212Z","value":"LEARNER","valueType":"string"}
{"level":"info","message":{"_id":"65669cd873b3838cf1c5c803","comments":["Sample comment 1","Sample comment 2"],"key":"GCMUDiuY5a7WvyUNt9n3QztToSHzK7Uj","permissions":["GENERAL"],"status":true,"version":1},"timestamp":"2023-11-29T03:55:14.636Z"}
{"level":"error","message":"500 - Cast to ObjectId failed for value \"LEARNER\" (type string) at path \"_id\" for model \"Role\" - /auth/signup - POST - ::1","timestamp":"2023-11-29T03:55:14.648Z"}
{"kind":"ObjectId","level":"error","path":"_id","reason":{},"stringValue":"\"LEARNER\"","timestamp":"2023-11-29T03:55:14.649Z","value":"LEARNER","valueType":"string"}
{"level":"info","message":"server running on port : 3000","timestamp":"2023-11-29T03:56:41.118Z"}
{"level":"info","message":{"_id":"65669cd873b3838cf1c5c803","comments":["Sample comment 1","Sample comment 2"],"key":"GCMUDiuY5a7WvyUNt9n3QztToSHzK7Uj","permissions":["GENERAL"],"status":true,"version":1},"timestamp":"2023-11-29T03:56:58.401Z"}
{"level":"error","message":"500 - Cast to ObjectId failed for value \"LEARNER\" (type string) at path \"_id\" for model \"Role\" - /auth/signup - POST - ::1","timestamp":"2023-11-29T03:56:58.433Z"}
{"kind":"ObjectId","level":"error","path":"_id","reason":{},"stringValue":"\"LEARNER\"","timestamp":"2023-11-29T03:56:58.446Z","value":"LEARNER","valueType":"string"}
{"level":"error","message":"x-api-key is required","timestamp":"2023-11-29T06:06:57.309Z"}
{"level":"error","message":"x-api-key is required","timestamp":"2023-11-29T06:06:57.328Z"}
{"level":"error","message":"x-api-key is required","timestamp":"2023-11-29T06:06:57.347Z"}
{"level":"error","message":"x-api-key is required","timestamp":"2023-11-29T06:07:00.059Z"}
{"level":"error","message":"x-api-key is required","timestamp":"2023-11-29T06:10:13.216Z"}
{"level":"error","message":"x-api-key is required","timestamp":"2023-11-29T06:10:13.535Z"}
